<?xml version="1.0" encoding="UTF-8"?>
<testng-results ignored="0" total="1" passed="1" failed="0" skipped="0">
  <reporter-output>
  </reporter-output>
  <suite started-at="2018-07-17T09:36:11Z" name="Default suite" finished-at="2018-07-17T09:36:25Z" duration-ms="13998">
    <groups>
    </groups>
    <test started-at="2018-07-17T09:36:11Z" name="Default test" finished-at="2018-07-17T09:36:25Z" duration-ms="13998">
      <class name="maven.maven.vijay">
        <test-method is-config="true" signature="launchapp()[pri:0, instance:maven.maven.vijay@bae7dc0]" started-at="2018-07-17T09:36:11Z" name="launchapp" finished-at="2018-07-17T09:36:21Z" duration-ms="9705" status="PASS">
          <reporter-output>
          </reporter-output>
        </test-method> <!-- launchapp -->
        <test-method signature="Tc_1()[pri:0, instance:maven.maven.vijay@bae7dc0]" started-at="2018-07-17T09:36:21Z" name="Tc_1" finished-at="2018-07-17T09:36:24Z" duration-ms="3482" status="PASS">
          <reporter-output>
          </reporter-output>
        </test-method> <!-- Tc_1 -->
        <test-method is-config="true" signature="close()[pri:0, instance:maven.maven.vijay@bae7dc0]" started-at="2018-07-17T09:36:24Z" name="close" finished-at="2018-07-17T09:36:25Z" duration-ms="760" status="PASS">
          <reporter-output>
          </reporter-output>
        </test-method> <!-- close -->
      </class> <!-- maven.maven.vijay -->
    </test> <!-- Default test -->
  </suite> <!-- Default suite -->
</testng-results>
